{"/Users/martin.robledo/Documents/wize/mentoria/calculator_memo/src/App.js": {"path":"/Users/martin.robledo/Documents/wize/mentoria/calculator_memo/src/App.js","statementMap":{"0":{"start":{"line":4,"column":2},"end":{"line":8,"column":4}}},"fnMap":{"0":{"name":"App","decl":{"start":{"line":3,"column":24},"end":{"line":3,"column":27}},"loc":{"start":{"line":3,"column":30},"end":{"line":9,"column":1}},"line":3}},"branchMap":{},"s":{"0":0},"f":{"0":0},"b":{}}
,"/Users/martin.robledo/Documents/wize/mentoria/calculator_memo/src/calculator.jsx": {"path":"/Users/martin.robledo/Documents/wize/mentoria/calculator_memo/src/calculator.jsx","statementMap":{"0":{"start":{"line":5,"column":26},"end":{"line":119,"column":1}},"1":{"start":{"line":6,"column":24},"end":{"line":6,"column":35}},"2":{"start":{"line":7,"column":30},"end":{"line":7,"column":41}},"3":{"start":{"line":8,"column":34},"end":{"line":8,"column":44}},"4":{"start":{"line":11,"column":16},"end":{"line":11,"column":30}},"5":{"start":{"line":12,"column":4},"end":{"line":16,"column":5}},"6":{"start":{"line":13,"column":6},"end":{"line":13,"column":20}},"7":{"start":{"line":15,"column":6},"end":{"line":15,"column":26}},"8":{"start":{"line":20,"column":4},"end":{"line":20,"column":14}},"9":{"start":{"line":24,"column":4},"end":{"line":24,"column":22}},"10":{"start":{"line":28,"column":4},"end":{"line":32,"column":5}},"11":{"start":{"line":29,"column":6},"end":{"line":29,"column":19}},"12":{"start":{"line":31,"column":6},"end":{"line":31,"column":28}},"13":{"start":{"line":36,"column":24},"end":{"line":36,"column":38}},"14":{"start":{"line":37,"column":4},"end":{"line":37,"column":31}},"15":{"start":{"line":38,"column":4},"end":{"line":38,"column":19}},"16":{"start":{"line":39,"column":4},"end":{"line":39,"column":14}},"17":{"start":{"line":43,"column":4},"end":{"line":51,"column":5}},"18":{"start":{"line":44,"column":6},"end":{"line":44,"column":51}},"19":{"start":{"line":45,"column":11},"end":{"line":51,"column":5}},"20":{"start":{"line":46,"column":6},"end":{"line":46,"column":51}},"21":{"start":{"line":47,"column":11},"end":{"line":51,"column":5}},"22":{"start":{"line":48,"column":6},"end":{"line":48,"column":51}},"23":{"start":{"line":49,"column":11},"end":{"line":51,"column":5}},"24":{"start":{"line":50,"column":6},"end":{"line":50,"column":51}},"25":{"start":{"line":54,"column":2},"end":{"line":118,"column":4}}},"fnMap":{"0":{"name":"(anonymous_0)","decl":{"start":{"line":5,"column":26},"end":{"line":5,"column":27}},"loc":{"start":{"line":5,"column":32},"end":{"line":119,"column":1}},"line":5},"1":{"name":"inputNum","decl":{"start":{"line":10,"column":11},"end":{"line":10,"column":19}},"loc":{"start":{"line":10,"column":23},"end":{"line":17,"column":3}},"line":10},"2":{"name":"clear","decl":{"start":{"line":19,"column":11},"end":{"line":19,"column":16}},"loc":{"start":{"line":19,"column":19},"end":{"line":21,"column":3}},"line":19},"3":{"name":"porcentagem","decl":{"start":{"line":23,"column":11},"end":{"line":23,"column":22}},"loc":{"start":{"line":23,"column":26},"end":{"line":25,"column":3}},"line":23},"4":{"name":"changeSign","decl":{"start":{"line":27,"column":11},"end":{"line":27,"column":21}},"loc":{"start":{"line":27,"column":24},"end":{"line":33,"column":3}},"line":27},"5":{"name":"operatorHandler","decl":{"start":{"line":35,"column":11},"end":{"line":35,"column":26}},"loc":{"start":{"line":35,"column":30},"end":{"line":40,"column":3}},"line":35},"6":{"name":"calculate","decl":{"start":{"line":42,"column":11},"end":{"line":42,"column":20}},"loc":{"start":{"line":42,"column":23},"end":{"line":52,"column":3}},"line":42}},"branchMap":{"0":{"loc":{"start":{"line":12,"column":4},"end":{"line":16,"column":5}},"type":"if","locations":[{"start":{"line":12,"column":4},"end":{"line":16,"column":5}},{"start":{"line":14,"column":11},"end":{"line":16,"column":5}}],"line":12},"1":{"loc":{"start":{"line":28,"column":4},"end":{"line":32,"column":5}},"type":"if","locations":[{"start":{"line":28,"column":4},"end":{"line":32,"column":5}},{"start":{"line":30,"column":11},"end":{"line":32,"column":5}}],"line":28},"2":{"loc":{"start":{"line":43,"column":4},"end":{"line":51,"column":5}},"type":"if","locations":[{"start":{"line":43,"column":4},"end":{"line":51,"column":5}},{"start":{"line":45,"column":11},"end":{"line":51,"column":5}}],"line":43},"3":{"loc":{"start":{"line":45,"column":11},"end":{"line":51,"column":5}},"type":"if","locations":[{"start":{"line":45,"column":11},"end":{"line":51,"column":5}},{"start":{"line":47,"column":11},"end":{"line":51,"column":5}}],"line":45},"4":{"loc":{"start":{"line":47,"column":11},"end":{"line":51,"column":5}},"type":"if","locations":[{"start":{"line":47,"column":11},"end":{"line":51,"column":5}},{"start":{"line":49,"column":11},"end":{"line":51,"column":5}}],"line":47},"5":{"loc":{"start":{"line":49,"column":11},"end":{"line":51,"column":5}},"type":"if","locations":[{"start":{"line":49,"column":11},"end":{"line":51,"column":5}},{"start":{},"end":{}}],"line":49}},"s":{"0":0,"1":0,"2":0,"3":0,"4":0,"5":0,"6":0,"7":0,"8":0,"9":0,"10":0,"11":0,"12":0,"13":0,"14":0,"15":0,"16":0,"17":0,"18":0,"19":0,"20":0,"21":0,"22":0,"23":0,"24":0,"25":0},"f":{"0":0,"1":0,"2":0,"3":0,"4":0,"5":0,"6":0},"b":{"0":[0,0],"1":[0,0],"2":[0,0],"3":[0,0],"4":[0,0],"5":[0,0]}}
,"/Users/martin.robledo/Documents/wize/mentoria/calculator_memo/src/index.js": {"path":"/Users/martin.robledo/Documents/wize/mentoria/calculator_memo/src/index.js","statementMap":{"0":{"start":{"line":7,"column":20},"end":{"line":7,"column":51}},"1":{"start":{"line":8,"column":13},"end":{"line":8,"column":36}},"2":{"start":{"line":10,"column":0},"end":{"line":15,"column":2}}},"fnMap":{},"branchMap":{},"s":{"0":0,"1":0,"2":0},"f":{},"b":{}}
,"/Users/martin.robledo/Documents/wize/mentoria/calculator_memo/src/react-app-env.d.ts": {"path":"/Users/martin.robledo/Documents/wize/mentoria/calculator_memo/src/react-app-env.d.ts","statementMap":{},"fnMap":{},"branchMap":{},"s":{},"f":{},"b":{}}
,"/Users/martin.robledo/Documents/wize/mentoria/calculator_memo/src/Components/button.jsx": {"path":"/Users/martin.robledo/Documents/wize/mentoria/calculator_memo/src/Components/button.jsx","statementMap":{"0":{"start":{"line":3,"column":22},"end":{"line":13,"column":1}},"1":{"start":{"line":4,"column":2},"end":{"line":4,"column":36}},"2":{"start":{"line":8,"column":2},"end":{"line":12,"column":4}}},"fnMap":{"0":{"name":"(anonymous_0)","decl":{"start":{"line":3,"column":22},"end":{"line":3,"column":23}},"loc":{"start":{"line":3,"column":79},"end":{"line":13,"column":1}},"line":3}},"branchMap":{"0":{"loc":{"start":{"line":3,"column":62},"end":{"line":3,"column":72}},"type":"default-arg","locations":[{"start":{"line":3,"column":70},"end":{"line":3,"column":72}}],"line":3}},"s":{"0":1,"1":20,"2":20},"f":{"0":20},"b":{"0":[19]},"_coverageSchema":"1a1c01bbd47fc00a2c39e90264f33305004495a9","hash":"9ad18aa5f77c1637511f8119d136a54e989de9dd"}
,"/Users/martin.robledo/Documents/wize/mentoria/calculator_memo/src/Components/calculator.jsx": {"path":"/Users/martin.robledo/Documents/wize/mentoria/calculator_memo/src/Components/calculator.jsx","statementMap":{"0":{"start":{"line":6,"column":23},"end":{"line":12,"column":1}},"1":{"start":{"line":7,"column":17},"end":{"line":7,"column":22}},"2":{"start":{"line":8,"column":15},"end":{"line":8,"column":20}},"3":{"start":{"line":9,"column":17},"end":{"line":9,"column":22}},"4":{"start":{"line":10,"column":17},"end":{"line":10,"column":22}},"5":{"start":{"line":11,"column":14},"end":{"line":11,"column":21}},"6":{"start":{"line":14,"column":26},"end":{"line":92,"column":1}},"7":{"start":{"line":15,"column":48},"end":{"line":15,"column":60}},"8":{"start":{"line":16,"column":38},"end":{"line":16,"column":52}},"9":{"start":{"line":17,"column":34},"end":{"line":17,"column":44}},"10":{"start":{"line":18,"column":54},"end":{"line":18,"column":69}},"11":{"start":{"line":20,"column":2},"end":{"line":20,"column":29}},"12":{"start":{"line":36,"column":2},"end":{"line":54,"column":66}},"13":{"start":{"line":38,"column":4},"end":{"line":53,"column":5}},"14":{"start":{"line":39,"column":30},"end":{"line":42,"column":7}},"15":{"start":{"line":43,"column":6},"end":{"line":43,"column":56}},"16":{"start":{"line":44,"column":6},"end":{"line":44,"column":35}},"17":{"start":{"line":45,"column":6},"end":{"line":45,"column":24}},"18":{"start":{"line":46,"column":6},"end":{"line":46,"column":26}},"19":{"start":{"line":47,"column":11},"end":{"line":53,"column":5}},"20":{"start":{"line":48,"column":6},"end":{"line":48,"column":51}},"21":{"start":{"line":49,"column":6},"end":{"line":49,"column":26}},"22":{"start":{"line":50,"column":6},"end":{"line":52,"column":7}},"23":{"start":{"line":51,"column":8},"end":{"line":51,"column":36}},"24":{"start":{"line":56,"column":23},"end":{"line":59,"column":3}},"25":{"start":{"line":57,"column":16},"end":{"line":57,"column":30}},"26":{"start":{"line":58,"column":4},"end":{"line":58,"column":59}},"27":{"start":{"line":58,"column":29},"end":{"line":58,"column":56}},"28":{"start":{"line":69,"column":22},"end":{"line":73,"column":3}},"29":{"start":{"line":70,"column":4},"end":{"line":70,"column":27}},"30":{"start":{"line":71,"column":4},"end":{"line":71,"column":24}},"31":{"start":{"line":72,"column":4},"end":{"line":72,"column":22}},"32":{"start":{"line":75,"column":2},"end":{"line":91,"column":4}}},"fnMap":{"0":{"name":"(anonymous_0)","decl":{"start":{"line":7,"column":7},"end":{"line":7,"column":8}},"loc":{"start":{"line":7,"column":17},"end":{"line":7,"column":22}},"line":7},"1":{"name":"(anonymous_1)","decl":{"start":{"line":8,"column":5},"end":{"line":8,"column":6}},"loc":{"start":{"line":8,"column":15},"end":{"line":8,"column":20}},"line":8},"2":{"name":"(anonymous_2)","decl":{"start":{"line":9,"column":7},"end":{"line":9,"column":8}},"loc":{"start":{"line":9,"column":17},"end":{"line":9,"column":22}},"line":9},"3":{"name":"(anonymous_3)","decl":{"start":{"line":10,"column":7},"end":{"line":10,"column":8}},"loc":{"start":{"line":10,"column":17},"end":{"line":10,"column":22}},"line":10},"4":{"name":"(anonymous_4)","decl":{"start":{"line":11,"column":7},"end":{"line":11,"column":8}},"loc":{"start":{"line":11,"column":14},"end":{"line":11,"column":21}},"line":11},"5":{"name":"(anonymous_5)","decl":{"start":{"line":14,"column":26},"end":{"line":14,"column":27}},"loc":{"start":{"line":14,"column":32},"end":{"line":92,"column":1}},"line":14},"6":{"name":"(anonymous_6)","decl":{"start":{"line":36,"column":12},"end":{"line":36,"column":13}},"loc":{"start":{"line":36,"column":18},"end":{"line":54,"column":3}},"line":36},"7":{"name":"(anonymous_7)","decl":{"start":{"line":56,"column":23},"end":{"line":56,"column":24}},"loc":{"start":{"line":56,"column":30},"end":{"line":59,"column":3}},"line":56},"8":{"name":"(anonymous_8)","decl":{"start":{"line":58,"column":18},"end":{"line":58,"column":19}},"loc":{"start":{"line":58,"column":29},"end":{"line":58,"column":56}},"line":58},"9":{"name":"(anonymous_9)","decl":{"start":{"line":69,"column":22},"end":{"line":69,"column":23}},"loc":{"start":{"line":69,"column":28},"end":{"line":73,"column":3}},"line":69}},"branchMap":{"0":{"loc":{"start":{"line":38,"column":4},"end":{"line":53,"column":5}},"type":"if","locations":[{"start":{"line":38,"column":4},"end":{"line":53,"column":5}},{"start":{"line":47,"column":11},"end":{"line":53,"column":5}}],"line":38},"1":{"loc":{"start":{"line":38,"column":8},"end":{"line":38,"column":38}},"type":"binary-expr","locations":[{"start":{"line":38,"column":8},"end":{"line":38,"column":16}},{"start":{"line":38,"column":20},"end":{"line":38,"column":38}}],"line":38},"2":{"loc":{"start":{"line":47,"column":11},"end":{"line":53,"column":5}},"type":"if","locations":[{"start":{"line":47,"column":11},"end":{"line":53,"column":5}},{"start":{},"end":{}}],"line":47},"3":{"loc":{"start":{"line":47,"column":15},"end":{"line":47,"column":60}},"type":"binary-expr","locations":[{"start":{"line":47,"column":15},"end":{"line":47,"column":23}},{"start":{"line":47,"column":27},"end":{"line":47,"column":37}},{"start":{"line":47,"column":41},"end":{"line":47,"column":60}}],"line":47},"4":{"loc":{"start":{"line":50,"column":6},"end":{"line":52,"column":7}},"type":"if","locations":[{"start":{"line":50,"column":6},"end":{"line":52,"column":7}},{"start":{},"end":{}}],"line":50},"5":{"loc":{"start":{"line":58,"column":29},"end":{"line":58,"column":56}},"type":"cond-expr","locations":[{"start":{"line":58,"column":36},"end":{"line":58,"column":48}},{"start":{"line":58,"column":51},"end":{"line":58,"column":56}}],"line":58},"6":{"loc":{"start":{"line":81,"column":37},"end":{"line":81,"column":74}},"type":"binary-expr","locations":[{"start":{"line":81,"column":37},"end":{"line":81,"column":47}},{"start":{"line":81,"column":51},"end":{"line":81,"column":69}},{"start":{"line":81,"column":73},"end":{"line":81,"column":74}}],"line":81}},"s":{"0":1,"1":0,"2":0,"3":0,"4":0,"5":0,"6":1,"7":1,"8":1,"9":1,"10":1,"11":1,"12":1,"13":1,"14":0,"15":0,"16":0,"17":0,"18":0,"19":1,"20":0,"21":0,"22":0,"23":0,"24":1,"25":0,"26":0,"27":0,"28":1,"29":0,"30":0,"31":0,"32":1},"f":{"0":0,"1":0,"2":0,"3":0,"4":0,"5":1,"6":1,"7":0,"8":0,"9":0},"b":{"0":[0,1],"1":[1,0],"2":[0,1],"3":[1,0,0],"4":[0,0],"5":[0,0],"6":[1,1,1]},"_coverageSchema":"1a1c01bbd47fc00a2c39e90264f33305004495a9","hash":"c36875e6e0ad6e05d0ffcf3ef87ea26b4405b12b"}
,"/Users/martin.robledo/Documents/wize/mentoria/calculator_memo/src/Components/keyboard.jsx": {"path":"/Users/martin.robledo/Documents/wize/mentoria/calculator_memo/src/Components/keyboard.jsx","statementMap":{"0":{"start":{"line":4,"column":26},"end":{"line":91,"column":1}},"1":{"start":{"line":11,"column":24},"end":{"line":11,"column":38}},"2":{"start":{"line":12,"column":4},"end":{"line":12,"column":31}},"3":{"start":{"line":19,"column":4},"end":{"line":19,"column":18}},"4":{"start":{"line":22,"column":2},"end":{"line":90,"column":4}},"5":{"start":{"line":83,"column":10},"end":{"line":83,"column":46}},"6":{"start":{"line":83,"column":39},"end":{"line":83,"column":44}}},"fnMap":{"0":{"name":"(anonymous_0)","decl":{"start":{"line":4,"column":26},"end":{"line":4,"column":27}},"loc":{"start":{"line":9,"column":6},"end":{"line":91,"column":1}},"line":9},"1":{"name":"operatorHandler","decl":{"start":{"line":10,"column":11},"end":{"line":10,"column":26}},"loc":{"start":{"line":10,"column":30},"end":{"line":13,"column":3}},"line":10},"2":{"name":"clear","decl":{"start":{"line":15,"column":11},"end":{"line":15,"column":16}},"loc":{"start":{"line":15,"column":19},"end":{"line":21,"column":3}},"line":15},"3":{"name":"(anonymous_3)","decl":{"start":{"line":82,"column":17},"end":{"line":82,"column":18}},"loc":{"start":{"line":82,"column":23},"end":{"line":84,"column":9}},"line":82},"4":{"name":"(anonymous_4)","decl":{"start":{"line":83,"column":29},"end":{"line":83,"column":30}},"loc":{"start":{"line":83,"column":39},"end":{"line":83,"column":44}},"line":83}},"branchMap":{},"s":{"0":1,"1":0,"2":0,"3":0,"4":1,"5":0,"6":0},"f":{"0":1,"1":0,"2":0,"3":0,"4":0},"b":{},"_coverageSchema":"1a1c01bbd47fc00a2c39e90264f33305004495a9","hash":"d266049fe07cedb6a39f2d0d54bc1d672251218a"}
,"/Users/martin.robledo/Documents/wize/mentoria/calculator_memo/src/Components/__snapshots__/calculator.test.tsx.snap": {"path":"/Users/martin.robledo/Documents/wize/mentoria/calculator_memo/src/Components/__snapshots__/calculator.test.tsx.snap","statementMap":{"0":{"start":{"line":1,"column":0},"end":{"line":1,"column":44}}},"fnMap":{},"branchMap":{},"s":{"0":0},"f":{},"b":{},"inputSourceMap":null}
}
