TN:
SF:src/App.js
FN:3,App
FNF:1
FNH:0
FNDA:0,App
DA:4,0
LF:1
LH:0
BRF:0
BRH:0
end_of_record
TN:
SF:src/calculator.jsx
FN:5,(anonymous_0)
FN:10,inputNum
FN:19,clear
FN:23,porcentagem
FN:27,changeSign
FN:35,operatorHandler
FN:42,calculate
FNF:7
FNH:0
FNDA:0,(anonymous_0)
FNDA:0,inputNum
FNDA:0,clear
FNDA:0,porcentagem
FNDA:0,changeSign
FNDA:0,operatorHandler
FNDA:0,calculate
DA:5,0
DA:6,0
DA:7,0
DA:8,0
DA:11,0
DA:12,0
DA:13,0
DA:15,0
DA:20,0
DA:24,0
DA:28,0
DA:29,0
DA:31,0
DA:36,0
DA:37,0
DA:38,0
DA:39,0
DA:43,0
DA:44,0
DA:45,0
DA:46,0
DA:47,0
DA:48,0
DA:49,0
DA:50,0
DA:54,0
LF:26
LH:0
BRDA:12,0,0,0
BRDA:12,0,1,0
BRDA:28,1,0,0
BRDA:28,1,1,0
BRDA:43,2,0,0
BRDA:43,2,1,0
BRDA:45,3,0,0
BRDA:45,3,1,0
BRDA:47,4,0,0
BRDA:47,4,1,0
BRDA:49,5,0,0
BRDA:49,5,1,0
BRF:12
BRH:0
end_of_record
TN:
SF:src/index.js
FNF:0
FNH:0
DA:7,0
DA:8,0
DA:10,0
LF:3
LH:0
BRF:0
BRH:0
end_of_record
TN:
SF:src/react-app-env.d.ts
FNF:0
FNH:0
LF:0
LH:0
BRF:0
BRH:0
end_of_record
TN:
SF:src/Components/button.jsx
FN:3,(anonymous_0)
FNF:1
FNH:1
FNDA:20,(anonymous_0)
DA:3,1
DA:4,20
DA:8,20
LF:3
LH:3
BRDA:3,0,0,19
BRF:1
BRH:1
end_of_record
TN:
SF:src/Components/calculator.jsx
FN:7,(anonymous_0)
FN:8,(anonymous_1)
FN:9,(anonymous_2)
FN:10,(anonymous_3)
FN:11,(anonymous_4)
FN:14,(anonymous_5)
FN:36,(anonymous_6)
FN:56,(anonymous_7)
FN:58,(anonymous_8)
FN:69,(anonymous_9)
FNF:10
FNH:2
FNDA:0,(anonymous_0)
FNDA:0,(anonymous_1)
FNDA:0,(anonymous_2)
FNDA:0,(anonymous_3)
FNDA:0,(anonymous_4)
FNDA:1,(anonymous_5)
FNDA:1,(anonymous_6)
FNDA:0,(anonymous_7)
FNDA:0,(anonymous_8)
FNDA:0,(anonymous_9)
DA:6,1
DA:7,0
DA:8,0
DA:9,0
DA:10,0
DA:11,0
DA:14,1
DA:15,1
DA:16,1
DA:17,1
DA:18,1
DA:20,1
DA:36,1
DA:38,1
DA:39,0
DA:43,0
DA:44,0
DA:45,0
DA:46,0
DA:47,1
DA:48,0
DA:49,0
DA:50,0
DA:51,0
DA:56,1
DA:57,0
DA:58,0
DA:69,1
DA:70,0
DA:71,0
DA:72,0
DA:75,1
LF:32
LH:13
BRDA:38,0,0,0
BRDA:38,0,1,1
BRDA:38,1,0,1
BRDA:38,1,1,0
BRDA:47,2,0,0
BRDA:47,2,1,1
BRDA:47,3,0,1
BRDA:47,3,1,0
BRDA:47,3,2,0
BRDA:50,4,0,0
BRDA:50,4,1,0
BRDA:58,5,0,0
BRDA:58,5,1,0
BRDA:81,6,0,1
BRDA:81,6,1,1
BRDA:81,6,2,1
BRF:16
BRH:7
end_of_record
TN:
SF:src/Components/keyboard.jsx
FN:4,(anonymous_0)
FN:10,operatorHandler
FN:15,clear
FN:82,(anonymous_3)
FN:83,(anonymous_4)
FNF:5
FNH:1
FNDA:1,(anonymous_0)
FNDA:0,operatorHandler
FNDA:0,clear
FNDA:0,(anonymous_3)
FNDA:0,(anonymous_4)
DA:4,1
DA:11,0
DA:12,0
DA:19,0
DA:22,1
DA:83,0
LF:6
LH:2
BRF:0
BRH:0
end_of_record
TN:
SF:src/Components/__snapshots__/calculator.test.tsx.snap
FNF:0
FNH:0
DA:1,0
LF:1
LH:0
BRF:0
BRH:0
end_of_record
